ERROR - 2013-07-31T15:46:05+03:00 - exception 'ErrorException' with message 'Argument 1 passed to Twig_Template::render() must be of the type array, object given, called in C:\projects\slim-i18n-working-example\vendor\slim\extras\Slim\Extras\Views\Twig.php on line 99 and defined' in C:\projects\slim-i18n-working-example\vendor\twig\twig\lib\Twig\Template.php:244
Stack trace:
#0 C:\projects\slim-i18n-working-example\vendor\twig\twig\lib\Twig\Template.php(244): Slim\Slim::handleErrors(4096, 'Argument 1 pass...', 'C:\projects\sli...', 244, Array)
#1 C:\projects\slim-i18n-working-example\vendor\slim\extras\Slim\Extras\Views\Twig.php(99): Twig_Template->render(Object(Slim\Helper\Set))
#2 C:\projects\slim-i18n-working-example\vendor\slim\slim\Slim\View.php(252): Slim\Extras\Views\Twig->render('index.twig')
#3 C:\projects\slim-i18n-working-example\vendor\slim\slim\Slim\View.php(242): Slim\View->fetch('index.twig')
#4 C:\projects\slim-i18n-working-example\vendor\slim\slim\Slim\Slim.php(742): Slim\View->display('index.twig')
#5 C:\projects\slim-i18n-working-example\htdocs\index.php(89): Slim\Slim->render('index.twig', Array)
#6 [internal function]: {closure}()
#7 C:\projects\slim-i18n-working-example\vendor\slim\slim\Slim\Route.php(436): call_user_func_array(Object(Closure), Array)
#8 C:\projects\slim-i18n-working-example\vendor\slim\slim\Slim\Slim.php(1302): Slim\Route->dispatch()
#9 C:\projects\slim-i18n-working-example\vendor\slim\slim\Slim\Middleware\Flash.php(85): Slim\Slim->call()
#10 C:\projects\slim-i18n-working-example\vendor\slim\slim\Slim\Middleware\MethodOverride.php(92): Slim\Middleware\Flash->call()
#11 C:\projects\slim-i18n-working-example\vendor\slim\slim\Slim\Middleware\PrettyExceptions.php(67): Slim\Middleware\MethodOverride->call()
#12 C:\projects\slim-i18n-working-example\vendor\slim\slim\Slim\Slim.php(1251): Slim\Middleware\PrettyExceptions->call()
#13 C:\projects\slim-i18n-working-example\htdocs\index.php(91): Slim\Slim->run()
#14 {main}
ERROR - 2013-07-31T15:46:47+03:00 - exception 'ErrorException' with message 'Argument 1 passed to Twig_Template::render() must be of the type array, object given, called in C:\projects\slim-i18n-working-example\vendor\slim\extras\Slim\Extras\Views\Twig.php on line 99 and defined' in C:\projects\slim-i18n-working-example\vendor\twig\twig\lib\Twig\Template.php:244
Stack trace:
#0 C:\projects\slim-i18n-working-example\vendor\twig\twig\lib\Twig\Template.php(244): Slim\Slim::handleErrors(4096, 'Argument 1 pass...', 'C:\projects\sli...', 244, Array)
#1 C:\projects\slim-i18n-working-example\vendor\slim\extras\Slim\Extras\Views\Twig.php(99): Twig_Template->render(Object(Slim\Helper\Set))
#2 C:\projects\slim-i18n-working-example\vendor\slim\slim\Slim\View.php(252): Slim\Extras\Views\Twig->render('index.twig')
#3 C:\projects\slim-i18n-working-example\vendor\slim\slim\Slim\View.php(242): Slim\View->fetch('index.twig')
#4 C:\projects\slim-i18n-working-example\vendor\slim\slim\Slim\Slim.php(742): Slim\View->display('index.twig')
#5 C:\projects\slim-i18n-working-example\htdocs\index.php(89): Slim\Slim->render('index.twig')
#6 [internal function]: {closure}()
#7 C:\projects\slim-i18n-working-example\vendor\slim\slim\Slim\Route.php(436): call_user_func_array(Object(Closure), Array)
#8 C:\projects\slim-i18n-working-example\vendor\slim\slim\Slim\Slim.php(1302): Slim\Route->dispatch()
#9 C:\projects\slim-i18n-working-example\vendor\slim\slim\Slim\Middleware\Flash.php(85): Slim\Slim->call()
#10 C:\projects\slim-i18n-working-example\vendor\slim\slim\Slim\Middleware\MethodOverride.php(92): Slim\Middleware\Flash->call()
#11 C:\projects\slim-i18n-working-example\vendor\slim\slim\Slim\Middleware\PrettyExceptions.php(67): Slim\Middleware\MethodOverride->call()
#12 C:\projects\slim-i18n-working-example\vendor\slim\slim\Slim\Slim.php(1251): Slim\Middleware\PrettyExceptions->call()
#13 C:\projects\slim-i18n-working-example\htdocs\index.php(91): Slim\Slim->run()
#14 {main}
ERROR - 2013-07-31T15:46:48+03:00 - exception 'ErrorException' with message 'Argument 1 passed to Twig_Template::render() must be of the type array, object given, called in C:\projects\slim-i18n-working-example\vendor\slim\extras\Slim\Extras\Views\Twig.php on line 99 and defined' in C:\projects\slim-i18n-working-example\vendor\twig\twig\lib\Twig\Template.php:244
Stack trace:
#0 C:\projects\slim-i18n-working-example\vendor\twig\twig\lib\Twig\Template.php(244): Slim\Slim::handleErrors(4096, 'Argument 1 pass...', 'C:\projects\sli...', 244, Array)
#1 C:\projects\slim-i18n-working-example\vendor\slim\extras\Slim\Extras\Views\Twig.php(99): Twig_Template->render(Object(Slim\Helper\Set))
#2 C:\projects\slim-i18n-working-example\vendor\slim\slim\Slim\View.php(252): Slim\Extras\Views\Twig->render('index.twig')
#3 C:\projects\slim-i18n-working-example\vendor\slim\slim\Slim\View.php(242): Slim\View->fetch('index.twig')
#4 C:\projects\slim-i18n-working-example\vendor\slim\slim\Slim\Slim.php(742): Slim\View->display('index.twig')
#5 C:\projects\slim-i18n-working-example\htdocs\index.php(89): Slim\Slim->render('index.twig')
#6 [internal function]: {closure}()
#7 C:\projects\slim-i18n-working-example\vendor\slim\slim\Slim\Route.php(436): call_user_func_array(Object(Closure), Array)
#8 C:\projects\slim-i18n-working-example\vendor\slim\slim\Slim\Slim.php(1302): Slim\Route->dispatch()
#9 C:\projects\slim-i18n-working-example\vendor\slim\slim\Slim\Middleware\Flash.php(85): Slim\Slim->call()
#10 C:\projects\slim-i18n-working-example\vendor\slim\slim\Slim\Middleware\MethodOverride.php(92): Slim\Middleware\Flash->call()
#11 C:\projects\slim-i18n-working-example\vendor\slim\slim\Slim\Middleware\PrettyExceptions.php(67): Slim\Middleware\MethodOverride->call()
#12 C:\projects\slim-i18n-working-example\vendor\slim\slim\Slim\Slim.php(1251): Slim\Middleware\PrettyExceptions->call()
#13 C:\projects\slim-i18n-working-example\htdocs\index.php(91): Slim\Slim->run()
#14 {main}
ERROR - 2013-07-31T15:52:12+03:00 - exception 'ErrorException' with message 'Argument 1 passed to Twig_Template::render() must be of the type array, object given, called in C:\projects\slim-i18n-working-example\vendor\slim\extras\Slim\Extras\Views\Twig.php on line 99 and defined' in C:\projects\slim-i18n-working-example\vendor\twig\twig\lib\Twig\Template.php:244
Stack trace:
#0 C:\projects\slim-i18n-working-example\vendor\twig\twig\lib\Twig\Template.php(244): Slim\Slim::handleErrors(4096, 'Argument 1 pass...', 'C:\projects\sli...', 244, Array)
#1 C:\projects\slim-i18n-working-example\vendor\slim\extras\Slim\Extras\Views\Twig.php(99): Twig_Template->render(Object(Slim\Helper\Set))
#2 C:\projects\slim-i18n-working-example\vendor\slim\slim\Slim\View.php(252): Slim\Extras\Views\Twig->render('index.twig')
#3 C:\projects\slim-i18n-working-example\vendor\slim\slim\Slim\View.php(242): Slim\View->fetch('index.twig')
#4 C:\projects\slim-i18n-working-example\vendor\slim\slim\Slim\Slim.php(742): Slim\View->display('index.twig')
#5 C:\projects\slim-i18n-working-example\htdocs\index.php(89): Slim\Slim->render('index.twig')
#6 [internal function]: {closure}()
#7 C:\projects\slim-i18n-working-example\vendor\slim\slim\Slim\Route.php(436): call_user_func_array(Object(Closure), Array)
#8 C:\projects\slim-i18n-working-example\vendor\slim\slim\Slim\Slim.php(1302): Slim\Route->dispatch()
#9 C:\projects\slim-i18n-working-example\vendor\slim\slim\Slim\Middleware\Flash.php(85): Slim\Slim->call()
#10 C:\projects\slim-i18n-working-example\vendor\slim\slim\Slim\Middleware\MethodOverride.php(92): Slim\Middleware\Flash->call()
#11 C:\projects\slim-i18n-working-example\vendor\slim\slim\Slim\Middleware\PrettyExceptions.php(67): Slim\Middleware\MethodOverride->call()
#12 C:\projects\slim-i18n-working-example\vendor\slim\slim\Slim\Slim.php(1251): Slim\Middleware\PrettyExceptions->call()
#13 C:\projects\slim-i18n-working-example\htdocs\index.php(91): Slim\Slim->run()
#14 {main}
ERROR - 2013-07-31T15:54:25+03:00 - exception 'ErrorException' with message 'Undefined variable: template' in C:\projects\slim-i18n-working-example\htdocs\index.php:89
Stack trace:
#0 C:\projects\slim-i18n-working-example\htdocs\index.php(89): Slim\Slim::handleErrors(8, 'Undefined varia...', 'C:\projects\sli...', 89, Array)
#1 [internal function]: {closure}()
#2 C:\projects\slim-i18n-working-example\vendor\slim\slim\Slim\Route.php(436): call_user_func_array(Object(Closure), Array)
#3 C:\projects\slim-i18n-working-example\vendor\slim\slim\Slim\Slim.php(1302): Slim\Route->dispatch()
#4 C:\projects\slim-i18n-working-example\vendor\slim\slim\Slim\Middleware\Flash.php(85): Slim\Slim->call()
#5 C:\projects\slim-i18n-working-example\vendor\slim\slim\Slim\Middleware\MethodOverride.php(92): Slim\Middleware\Flash->call()
#6 C:\projects\slim-i18n-working-example\vendor\slim\slim\Slim\Middleware\PrettyExceptions.php(67): Slim\Middleware\MethodOverride->call()
#7 C:\projects\slim-i18n-working-example\vendor\slim\slim\Slim\Slim.php(1251): Slim\Middleware\PrettyExceptions->call()
#8 C:\projects\slim-i18n-working-example\htdocs\index.php(92): Slim\Slim->run()
#9 {main}
ERROR - 2013-07-31T15:54:37+03:00 - exception 'ErrorException' with message 'Argument 1 passed to Twig_Template::render() must be of the type array, object given, called in C:\projects\slim-i18n-working-example\vendor\slim\extras\Slim\Extras\Views\Twig.php on line 99 and defined' in C:\projects\slim-i18n-working-example\vendor\twig\twig\lib\Twig\Template.php:244
Stack trace:
#0 C:\projects\slim-i18n-working-example\vendor\twig\twig\lib\Twig\Template.php(244): Slim\Slim::handleErrors(4096, 'Argument 1 pass...', 'C:\projects\sli...', 244, Array)
#1 C:\projects\slim-i18n-working-example\vendor\slim\extras\Slim\Extras\Views\Twig.php(99): Twig_Template->render(Object(Slim\Helper\Set))
#2 C:\projects\slim-i18n-working-example\vendor\slim\slim\Slim\View.php(252): Slim\Extras\Views\Twig->render('index.twig')
#3 C:\projects\slim-i18n-working-example\vendor\slim\slim\Slim\View.php(242): Slim\View->fetch('index.twig')
#4 C:\projects\slim-i18n-working-example\vendor\slim\slim\Slim\Slim.php(742): Slim\View->display('index.twig')
#5 C:\projects\slim-i18n-working-example\htdocs\index.php(89): Slim\Slim->render('index.twig', Array)
#6 [internal function]: {closure}()
#7 C:\projects\slim-i18n-working-example\vendor\slim\slim\Slim\Route.php(436): call_user_func_array(Object(Closure), Array)
#8 C:\projects\slim-i18n-working-example\vendor\slim\slim\Slim\Slim.php(1302): Slim\Route->dispatch()
#9 C:\projects\slim-i18n-working-example\vendor\slim\slim\Slim\Middleware\Flash.php(85): Slim\Slim->call()
#10 C:\projects\slim-i18n-working-example\vendor\slim\slim\Slim\Middleware\MethodOverride.php(92): Slim\Middleware\Flash->call()
#11 C:\projects\slim-i18n-working-example\vendor\slim\slim\Slim\Middleware\PrettyExceptions.php(67): Slim\Middleware\MethodOverride->call()
#12 C:\projects\slim-i18n-working-example\vendor\slim\slim\Slim\Slim.php(1251): Slim\Middleware\PrettyExceptions->call()
#13 C:\projects\slim-i18n-working-example\htdocs\index.php(91): Slim\Slim->run()
#14 {main}
ERROR - 2013-07-31T15:55:39+03:00 - exception 'Twig_Error_Syntax' with message 'Unknown tag name "trans" in "index.twig" at line 10' in C:\projects\slim-i18n-working-example\vendor\twig\twig\lib\Twig\Parser.php:186
Stack trace:
#0 C:\projects\slim-i18n-working-example\vendor\twig\twig\lib\Twig\Parser.php(99): Twig_Parser->subparse(NULL, false)
#1 C:\projects\slim-i18n-working-example\vendor\twig\twig\lib\Twig\Environment.php(479): Twig_Parser->parse(Object(Twig_TokenStream))
#2 C:\projects\slim-i18n-working-example\vendor\twig\twig\lib\Twig\Environment.php(529): Twig_Environment->parse(Object(Twig_TokenStream))
#3 C:\projects\slim-i18n-working-example\vendor\twig\twig\lib\Twig\Environment.php(320): Twig_Environment->compileSource('<!doctype html>...', 'index.twig')
#4 C:\projects\slim-i18n-working-example\vendor\slim\views\Slim\Views\Twig.php(86): Twig_Environment->loadTemplate('index.twig')
#5 C:\projects\slim-i18n-working-example\vendor\slim\slim\Slim\View.php(252): Slim\Views\Twig->render('index.twig')
#6 C:\projects\slim-i18n-working-example\vendor\slim\slim\Slim\View.php(242): Slim\View->fetch('index.twig')
#7 C:\projects\slim-i18n-working-example\vendor\slim\slim\Slim\Slim.php(742): Slim\View->display('index.twig')
#8 C:\projects\slim-i18n-working-example\htdocs\index.php(90): Slim\Slim->render('index.twig', Array)
#9 [internal function]: {closure}()
#10 C:\projects\slim-i18n-working-example\vendor\slim\slim\Slim\Route.php(436): call_user_func_array(Object(Closure), Array)
#11 C:\projects\slim-i18n-working-example\vendor\slim\slim\Slim\Slim.php(1302): Slim\Route->dispatch()
#12 C:\projects\slim-i18n-working-example\vendor\slim\slim\Slim\Middleware\Flash.php(85): Slim\Slim->call()
#13 C:\projects\slim-i18n-working-example\vendor\slim\slim\Slim\Middleware\MethodOverride.php(92): Slim\Middleware\Flash->call()
#14 C:\projects\slim-i18n-working-example\vendor\slim\slim\Slim\Middleware\PrettyExceptions.php(67): Slim\Middleware\MethodOverride->call()
#15 C:\projects\slim-i18n-working-example\vendor\slim\slim\Slim\Slim.php(1251): Slim\Middleware\PrettyExceptions->call()
#16 C:\projects\slim-i18n-working-example\htdocs\index.php(92): Slim\Slim->run()
#17 {main}
ERROR - 2013-07-31T15:56:24+03:00 - exception 'Twig_Error_Syntax' with message 'Unknown tag name "trans" in "index.twig" at line 10' in C:\projects\slim-i18n-working-example\vendor\twig\twig\lib\Twig\Parser.php:186
Stack trace:
#0 C:\projects\slim-i18n-working-example\vendor\twig\twig\lib\Twig\Parser.php(99): Twig_Parser->subparse(NULL, false)
#1 C:\projects\slim-i18n-working-example\vendor\twig\twig\lib\Twig\Environment.php(479): Twig_Parser->parse(Object(Twig_TokenStream))
#2 C:\projects\slim-i18n-working-example\vendor\twig\twig\lib\Twig\Environment.php(529): Twig_Environment->parse(Object(Twig_TokenStream))
#3 C:\projects\slim-i18n-working-example\vendor\twig\twig\lib\Twig\Environment.php(320): Twig_Environment->compileSource('<!doctype html>...', 'index.twig')
#4 C:\projects\slim-i18n-working-example\vendor\slim\views\Slim\Views\Twig.php(86): Twig_Environment->loadTemplate('index.twig')
#5 C:\projects\slim-i18n-working-example\vendor\slim\slim\Slim\View.php(252): Slim\Views\Twig->render('index.twig')
#6 C:\projects\slim-i18n-working-example\vendor\slim\slim\Slim\View.php(242): Slim\View->fetch('index.twig')
#7 C:\projects\slim-i18n-working-example\vendor\slim\slim\Slim\Slim.php(742): Slim\View->display('index.twig')
#8 C:\projects\slim-i18n-working-example\htdocs\index.php(93): Slim\Slim->render('index.twig', Array)
#9 [internal function]: {closure}()
#10 C:\projects\slim-i18n-working-example\vendor\slim\slim\Slim\Route.php(436): call_user_func_array(Object(Closure), Array)
#11 C:\projects\slim-i18n-working-example\vendor\slim\slim\Slim\Slim.php(1302): Slim\Route->dispatch()
#12 C:\projects\slim-i18n-working-example\vendor\slim\slim\Slim\Middleware\Flash.php(85): Slim\Slim->call()
#13 C:\projects\slim-i18n-working-example\vendor\slim\slim\Slim\Middleware\MethodOverride.php(92): Slim\Middleware\Flash->call()
#14 C:\projects\slim-i18n-working-example\vendor\slim\slim\Slim\Middleware\PrettyExceptions.php(67): Slim\Middleware\MethodOverride->call()
#15 C:\projects\slim-i18n-working-example\vendor\slim\slim\Slim\Slim.php(1251): Slim\Middleware\PrettyExceptions->call()
#16 C:\projects\slim-i18n-working-example\htdocs\index.php(95): Slim\Slim->run()
#17 {main}
ERROR - 2013-07-31T15:58:20+03:00 - exception 'Twig_Error_Syntax' with message 'Unknown tag name "trans" in "index.twig" at line 10' in C:\projects\slim-i18n-working-example\vendor\twig\twig\lib\Twig\Parser.php:186
Stack trace:
#0 C:\projects\slim-i18n-working-example\vendor\twig\twig\lib\Twig\Parser.php(99): Twig_Parser->subparse(NULL, false)
#1 C:\projects\slim-i18n-working-example\vendor\twig\twig\lib\Twig\Environment.php(479): Twig_Parser->parse(Object(Twig_TokenStream))
#2 C:\projects\slim-i18n-working-example\vendor\twig\twig\lib\Twig\Environment.php(529): Twig_Environment->parse(Object(Twig_TokenStream))
#3 C:\projects\slim-i18n-working-example\vendor\twig\twig\lib\Twig\Environment.php(320): Twig_Environment->compileSource('<!doctype html>...', 'index.twig')
#4 C:\projects\slim-i18n-working-example\vendor\slim\views\Slim\Views\Twig.php(86): Twig_Environment->loadTemplate('index.twig')
#5 C:\projects\slim-i18n-working-example\vendor\slim\slim\Slim\View.php(252): Slim\Views\Twig->render('index.twig')
#6 C:\projects\slim-i18n-working-example\vendor\slim\slim\Slim\View.php(242): Slim\View->fetch('index.twig')
#7 C:\projects\slim-i18n-working-example\vendor\slim\slim\Slim\Slim.php(742): Slim\View->display('index.twig')
#8 C:\projects\slim-i18n-working-example\htdocs\index.php(93): Slim\Slim->render('index.twig', Array)
#9 [internal function]: {closure}()
#10 C:\projects\slim-i18n-working-example\vendor\slim\slim\Slim\Route.php(436): call_user_func_array(Object(Closure), Array)
#11 C:\projects\slim-i18n-working-example\vendor\slim\slim\Slim\Slim.php(1302): Slim\Route->dispatch()
#12 C:\projects\slim-i18n-working-example\vendor\slim\slim\Slim\Middleware\Flash.php(85): Slim\Slim->call()
#13 C:\projects\slim-i18n-working-example\vendor\slim\slim\Slim\Middleware\MethodOverride.php(92): Slim\Middleware\Flash->call()
#14 C:\projects\slim-i18n-working-example\vendor\slim\slim\Slim\Middleware\PrettyExceptions.php(67): Slim\Middleware\MethodOverride->call()
#15 C:\projects\slim-i18n-working-example\vendor\slim\slim\Slim\Slim.php(1251): Slim\Middleware\PrettyExceptions->call()
#16 C:\projects\slim-i18n-working-example\htdocs\index.php(95): Slim\Slim->run()
#17 {main}
ERROR - 2013-07-31T15:58:43+03:00 - exception 'Twig_Error_Syntax' with message 'Unknown tag name "trans" in "index.twig" at line 10' in C:\projects\slim-i18n-working-example\vendor\twig\twig\lib\Twig\Parser.php:186
Stack trace:
#0 C:\projects\slim-i18n-working-example\vendor\twig\twig\lib\Twig\Parser.php(99): Twig_Parser->subparse(NULL, false)
#1 C:\projects\slim-i18n-working-example\vendor\twig\twig\lib\Twig\Environment.php(479): Twig_Parser->parse(Object(Twig_TokenStream))
#2 C:\projects\slim-i18n-working-example\vendor\twig\twig\lib\Twig\Environment.php(529): Twig_Environment->parse(Object(Twig_TokenStream))
#3 C:\projects\slim-i18n-working-example\vendor\twig\twig\lib\Twig\Environment.php(320): Twig_Environment->compileSource('<!doctype html>...', 'index.twig')
#4 C:\projects\slim-i18n-working-example\vendor\slim\views\Slim\Views\Twig.php(86): Twig_Environment->loadTemplate('index.twig')
#5 C:\projects\slim-i18n-working-example\vendor\slim\slim\Slim\View.php(252): Slim\Views\Twig->render('index.twig')
#6 C:\projects\slim-i18n-working-example\vendor\slim\slim\Slim\View.php(242): Slim\View->fetch('index.twig')
#7 C:\projects\slim-i18n-working-example\vendor\slim\slim\Slim\Slim.php(742): Slim\View->display('index.twig')
#8 C:\projects\slim-i18n-working-example\htdocs\index.php(94): Slim\Slim->render('index.twig', Array)
#9 [internal function]: {closure}()
#10 C:\projects\slim-i18n-working-example\vendor\slim\slim\Slim\Route.php(436): call_user_func_array(Object(Closure), Array)
#11 C:\projects\slim-i18n-working-example\vendor\slim\slim\Slim\Slim.php(1302): Slim\Route->dispatch()
#12 C:\projects\slim-i18n-working-example\vendor\slim\slim\Slim\Middleware\Flash.php(85): Slim\Slim->call()
#13 C:\projects\slim-i18n-working-example\vendor\slim\slim\Slim\Middleware\MethodOverride.php(92): Slim\Middleware\Flash->call()
#14 C:\projects\slim-i18n-working-example\vendor\slim\slim\Slim\Middleware\PrettyExceptions.php(67): Slim\Middleware\MethodOverride->call()
#15 C:\projects\slim-i18n-working-example\vendor\slim\slim\Slim\Slim.php(1251): Slim\Middleware\PrettyExceptions->call()
#16 C:\projects\slim-i18n-working-example\htdocs\index.php(96): Slim\Slim->run()
#17 {main}
ERROR - 2013-07-31T16:12:54+03:00 - exception 'Twig_Error_Loader' with message 'Unable to find template "index.html" (looked into: ../templates).' in C:\projects\slim-i18n-working-example\vendor\twig\twig\lib\Twig\Loader\Filesystem.php:202
Stack trace:
#0 C:\projects\slim-i18n-working-example\vendor\twig\twig\lib\Twig\Loader\Filesystem.php(138): Twig_Loader_Filesystem->findTemplate('index.html')
#1 C:\projects\slim-i18n-working-example\vendor\twig\twig\lib\Twig\Environment.php(265): Twig_Loader_Filesystem->getCacheKey('index.html')
#2 C:\projects\slim-i18n-working-example\vendor\twig\twig\lib\Twig\Environment.php(312): Twig_Environment->getTemplateClass('index.html', NULL)
#3 C:\projects\slim-i18n-working-example\vendor\slim\views\Slim\Views\Twig.php(86): Twig_Environment->loadTemplate('index.html')
#4 C:\projects\slim-i18n-working-example\vendor\slim\slim\Slim\View.php(252): Slim\Views\Twig->render('index.html')
#5 C:\projects\slim-i18n-working-example\vendor\slim\slim\Slim\View.php(242): Slim\View->fetch('index.html')
#6 C:\projects\slim-i18n-working-example\vendor\slim\slim\Slim\Slim.php(742): Slim\View->display('index.html')
#7 C:\projects\slim-i18n-working-example\htdocs\index.php(96): Slim\Slim->render('index.html')
#8 [internal function]: {closure}()
#9 C:\projects\slim-i18n-working-example\vendor\slim\slim\Slim\Route.php(436): call_user_func_array(Object(Closure), Array)
#10 C:\projects\slim-i18n-working-example\vendor\slim\slim\Slim\Slim.php(1302): Slim\Route->dispatch()
#11 C:\projects\slim-i18n-working-example\vendor\slim\slim\Slim\Middleware\Flash.php(85): Slim\Slim->call()
#12 C:\projects\slim-i18n-working-example\vendor\slim\slim\Slim\Middleware\MethodOverride.php(92): Slim\Middleware\Flash->call()
#13 C:\projects\slim-i18n-working-example\vendor\slim\slim\Slim\Middleware\PrettyExceptions.php(67): Slim\Middleware\MethodOverride->call()
#14 C:\projects\slim-i18n-working-example\vendor\slim\slim\Slim\Slim.php(1251): Slim\Middleware\PrettyExceptions->call()
#15 C:\projects\slim-i18n-working-example\htdocs\index.php(99): Slim\Slim->run()
#16 {main}
ERROR - 2013-07-31T16:22:39+03:00 - exception 'Twig_Error_Syntax' with message 'Unknown tag name "trans" in "index.twig" at line 10' in C:\projects\slim-i18n-working-example\vendor\twig\twig\lib\Twig\Parser.php:186
Stack trace:
#0 C:\projects\slim-i18n-working-example\vendor\twig\twig\lib\Twig\Parser.php(99): Twig_Parser->subparse(NULL, false)
#1 C:\projects\slim-i18n-working-example\vendor\twig\twig\lib\Twig\Environment.php(479): Twig_Parser->parse(Object(Twig_TokenStream))
#2 C:\projects\slim-i18n-working-example\vendor\twig\twig\lib\Twig\Environment.php(529): Twig_Environment->parse(Object(Twig_TokenStream))
#3 C:\projects\slim-i18n-working-example\vendor\twig\twig\lib\Twig\Environment.php(320): Twig_Environment->compileSource('<!doctype html>...', 'index.twig')
#4 C:\projects\slim-i18n-working-example\vendor\slim\views\Slim\Views\Twig.php(86): Twig_Environment->loadTemplate('index.twig')
#5 C:\projects\slim-i18n-working-example\vendor\slim\slim\Slim\View.php(252): Slim\Views\Twig->render('index.twig')
#6 C:\projects\slim-i18n-working-example\vendor\slim\slim\Slim\View.php(242): Slim\View->fetch('index.twig')
#7 C:\projects\slim-i18n-working-example\vendor\slim\slim\Slim\Slim.php(742): Slim\View->display('index.twig')
#8 C:\projects\slim-i18n-working-example\htdocs\index.php(96): Slim\Slim->render('index.twig')
#9 [internal function]: {closure}()
#10 C:\projects\slim-i18n-working-example\vendor\slim\slim\Slim\Route.php(436): call_user_func_array(Object(Closure), Array)
#11 C:\projects\slim-i18n-working-example\vendor\slim\slim\Slim\Slim.php(1302): Slim\Route->dispatch()
#12 C:\projects\slim-i18n-working-example\vendor\slim\slim\Slim\Middleware\Flash.php(85): Slim\Slim->call()
#13 C:\projects\slim-i18n-working-example\vendor\slim\slim\Slim\Middleware\MethodOverride.php(92): Slim\Middleware\Flash->call()
#14 C:\projects\slim-i18n-working-example\vendor\slim\slim\Slim\Middleware\PrettyExceptions.php(67): Slim\Middleware\MethodOverride->call()
#15 C:\projects\slim-i18n-working-example\vendor\slim\slim\Slim\Slim.php(1251): Slim\Middleware\PrettyExceptions->call()
#16 C:\projects\slim-i18n-working-example\htdocs\index.php(99): Slim\Slim->run()
#17 {main}
